<?xml version="1.0" encoding="UTF-8"?>
<!-- Generated by org.testng.reporters.JUnitReportReporter -->
<testsuite hostname="DESKTOP-MEGCP4U" name="CRBActions_GB_C_main.CRB_Auth_GB" tests="2" failures="0" timestamp="20 Dec 2021 11:34:58 GMT" time="54.870" errors="0">
  <testcase name="CRB_Wlcmpage" time="30.812" classname="CRBActions_GB_C_main.CRB_Auth_GB"/>
  <testcase name="CRB_auth" time="24.058" classname="CRBActions_GB_C_main.CRB_Auth_GB"/>
</testsuite> <!-- CRBActions_GB_C_main.CRB_Auth_GB -->
