<?xml version="1.0" encoding="UTF-8"?>
<!-- Generated by org.testng.reporters.JUnitReportReporter -->
<testsuite hostname="DESKTOP-MEGCP4U" name="CRBActions_IN_C_Auth_main.AddResponseRej_IN" tests="8" failures="0" timestamp="20 Dec 2021 07:54:30 GMT" time="90.713" errors="0">
  <testcase name="create_res" time="20.543" classname="CRBActions_IN_C_Auth_main.AddResponseRej_IN"/>
  <testcase name="save_Form" time="27.176" classname="CRBActions_IN_C_Auth_main.AddResponseRej_IN"/>
  <testcase name="RIPC_Login" time="14.039" classname="CRBActions_IN_C_Auth_main.AddResponseRej_IN"/>
  <testcase name="add_Attachement" time="7.992" classname="CRBActions_IN_C_Auth_main.AddResponseRej_IN"/>
  <testcase name="search_request" time="13.159" classname="CRBActions_IN_C_Auth_main.AddResponseRej_IN"/>
  <testcase name="fill_ratesdetails" time="0.552" classname="CRBActions_IN_C_Auth_main.AddResponseRej_IN"/>
  <testcase name="fill_resdetails" time="2.122" classname="CRBActions_IN_C_Auth_main.AddResponseRej_IN"/>
  <testcase name="fill_resAttrdetails" time="5.130" classname="CRBActions_IN_C_Auth_main.AddResponseRej_IN"/>
</testsuite> <!-- CRBActions_IN_C_Auth_main.AddResponseRej_IN -->
