<?xml version="1.0" encoding="UTF-8"?>
<!-- Generated by org.testng.reporters.JUnitReportReporter -->
<testsuite hostname="DESKTOP-MEGCP4U" name="CRBActions_US_C_Auth_main.CRB_Auth" tests="2" failures="0" timestamp="20 Dec 2021 11:39:21 GMT" time="90.108" errors="0">
  <testcase name="CRB_auth" time="22.862" classname="CRBActions_US_C_Auth_main.CRB_Auth"/>
  <testcase name="CRB_login" time="67.246" classname="CRBActions_US_C_Auth_main.CRB_Auth"/>
</testsuite> <!-- CRBActions_US_C_Auth_main.CRB_Auth -->
