<?xml version="1.0" encoding="UTF-8"?>
<!-- Generated by org.testng.reporters.JUnitReportReporter -->
<testsuite hostname="DESKTOP-MEGCP4U" name="CRBActions_GB_C_main.FinalizeResponseAuth_GB" tests="2" failures="0" timestamp="20 Dec 2021 08:27:06 GMT" time="101.155" errors="0">
  <testcase name="Finalize" time="28.663" classname="CRBActions_GB_C_main.FinalizeResponseAuth_GB"/>
  <testcase name="login" time="72.492" classname="CRBActions_GB_C_main.FinalizeResponseAuth_GB"/>
</testsuite> <!-- CRBActions_GB_C_main.FinalizeResponseAuth_GB -->
