<?xml version="1.0" encoding="UTF-8"?>
<!-- Generated by org.testng.reporters.JUnitReportReporter -->
<testsuite hostname="DESKTOP-MEGCP4U" name="CRBActions_US_C_Auth_main.CreateRequest_Auth" tests="10" failures="0" timestamp="11 Jan 2022 07:15:01 GMT" time="82.182" errors="0">
  <testcase name="select_Req" time="6.574" classname="CRBActions_US_C_Auth_main.CreateRequest_Auth"/>
  <testcase name="RIPC_Login" time="18.989" classname="CRBActions_US_C_Auth_main.CreateRequest_Auth"/>
  <testcase name="skill_Req" time="1.534" classname="CRBActions_US_C_Auth_main.CreateRequest_Auth"/>
  <testcase name="skill_loc" time="9.761" classname="CRBActions_US_C_Auth_main.CreateRequest_Auth"/>
  <testcase name="select_jrss" time="4.845" classname="CRBActions_US_C_Auth_main.CreateRequest_Auth"/>
  <testcase name="req_detail" time="11.718" classname="CRBActions_US_C_Auth_main.CreateRequest_Auth"/>
  <testcase name="alert_check" time="0.015" classname="CRBActions_US_C_Auth_main.CreateRequest_Auth"/>
  <testcase name="supp" time="19.843" classname="CRBActions_US_C_Auth_main.CreateRequest_Auth"/>
  <testcase name="skill_price" time="7.975" classname="CRBActions_US_C_Auth_main.CreateRequest_Auth"/>
  <testcase name="Create_Req" time="0.928" classname="CRBActions_US_C_Auth_main.CreateRequest_Auth"/>
</testsuite> <!-- CRBActions_US_C_Auth_main.CreateRequest_Auth -->
