<?xml version="1.0" encoding="UTF-8"?>
<!-- Generated by org.testng.reporters.JUnitReportReporter -->
<testsuite hostname="DESKTOP-MEGCP4U" name="CRBActions_US_C_Auth_main.AddResponse_Auth" tests="8" failures="0" timestamp="20 Dec 2021 07:58:01 GMT" time="85.898" errors="0">
  <testcase name="create_res" time="20.513" classname="CRBActions_US_C_Auth_main.AddResponse_Auth"/>
  <testcase name="fill_resAttrdetails" time="5.286" classname="CRBActions_US_C_Auth_main.AddResponse_Auth"/>
  <testcase name="RIPC_Login" time="14.161" classname="CRBActions_US_C_Auth_main.AddResponse_Auth"/>
  <testcase name="add_Attachement" time="7.037" classname="CRBActions_US_C_Auth_main.AddResponse_Auth"/>
  <testcase name="fill_ratesdetails" time="0.554" classname="CRBActions_US_C_Auth_main.AddResponse_Auth"/>
  <testcase name="save_Form" time="23.508" classname="CRBActions_US_C_Auth_main.AddResponse_Auth"/>
  <testcase name="fill_resdetails" time="1.589" classname="CRBActions_US_C_Auth_main.AddResponse_Auth"/>
  <testcase name="search_request" time="13.250" classname="CRBActions_US_C_Auth_main.AddResponse_Auth"/>
</testsuite> <!-- CRBActions_US_C_Auth_main.AddResponse_Auth -->
