<?xml version="1.0" encoding="UTF-8"?>
<!-- Generated by org.testng.reporters.JUnitReportReporter -->
<testsuite hostname="DESKTOP-MEGCP4U" name="CRBActions_IN_C_Auth_main.CreateRequestAuth_IN" tests="1" failures="0" timestamp="20 Dec 2021 06:39:55 GMT" time="129.666" errors="0">
  <testcase name="RIPC_Login" time="129.666" classname="CRBActions_IN_C_Auth_main.CreateRequestAuth_IN"/>
</testsuite> <!-- CRBActions_IN_C_Auth_main.CreateRequestAuth_IN -->
