<?xml version="1.0" encoding="UTF-8"?>
<!-- Generated by org.testng.reporters.JUnitReportReporter -->
<testsuite hostname="DESKTOP-MEGCP4U" name="CRBActions_IN_C_Auth_main.FinalizeResponseAuth_IN" tests="2" failures="0" timestamp="20 Dec 2021 08:31:45 GMT" time="90.165" errors="0">
  <testcase name="login" time="61.742" classname="CRBActions_IN_C_Auth_main.FinalizeResponseAuth_IN"/>
  <testcase name="Finalize" time="28.423" classname="CRBActions_IN_C_Auth_main.FinalizeResponseAuth_IN"/>
</testsuite> <!-- CRBActions_IN_C_Auth_main.FinalizeResponseAuth_IN -->
