<?xml version="1.0" encoding="UTF-8"?>
<!-- Generated by org.testng.reporters.JUnitReportReporter -->
<testsuite hostname="DESKTOP-MEGCP4U" name="CRBActions_US_C_Auth_main.FinalizeResponse_Auth" tests="2" failures="0" timestamp="20 Dec 2021 08:33:07 GMT" time="54.470" errors="0">
  <testcase name="Finalize" time="25.407" classname="CRBActions_US_C_Auth_main.FinalizeResponse_Auth"/>
  <testcase name="login" time="29.063" classname="CRBActions_US_C_Auth_main.FinalizeResponse_Auth"/>
</testsuite> <!-- CRBActions_US_C_Auth_main.FinalizeResponse_Auth -->
