<?xml version="1.0" encoding="UTF-8"?>
<!-- Generated by org.testng.reporters.JUnitReportReporter -->
<testsuite hostname="DESKTOP-MEGCP4U" name="CRBActions_IN_C_Auth_main.CRB_Auth_IN" tests="2" failures="0" timestamp="20 Dec 2021 11:37:20 GMT" time="92.887" errors="0">
  <testcase name="CRB_auth" time="27.209" classname="CRBActions_IN_C_Auth_main.CRB_Auth_IN"/>
  <testcase name="CRB_Wlcmpage" time="65.678" classname="CRBActions_IN_C_Auth_main.CRB_Auth_IN"/>
</testsuite> <!-- CRBActions_IN_C_Auth_main.CRB_Auth_IN -->
