<?xml version="1.0" encoding="UTF-8"?>
<!-- Generated by org.testng.reporters.JUnitReportReporter -->
<testsuite hostname="DESKTOP-MEGCP4U" name="CRBActions_GB_C_main.AddResponseAuth_GB" tests="8" failures="0" timestamp="20 Dec 2021 07:50:44 GMT" time="87.720" errors="0">
  <testcase name="search_request" time="12.619" classname="CRBActions_GB_C_main.AddResponseAuth_GB"/>
  <testcase name="add_Attachement" time="8.186" classname="CRBActions_GB_C_main.AddResponseAuth_GB"/>
  <testcase name="RIPC_Login" time="14.550" classname="CRBActions_GB_C_main.AddResponseAuth_GB"/>
  <testcase name="fill_ratesdetails" time="0.612" classname="CRBActions_GB_C_main.AddResponseAuth_GB"/>
  <testcase name="save_Form" time="24.333" classname="CRBActions_GB_C_main.AddResponseAuth_GB"/>
  <testcase name="fill_resdetails" time="1.623" classname="CRBActions_GB_C_main.AddResponseAuth_GB"/>
  <testcase name="fill_resAttrdetails" time="5.238" classname="CRBActions_GB_C_main.AddResponseAuth_GB"/>
  <testcase name="create_res" time="20.559" classname="CRBActions_GB_C_main.AddResponseAuth_GB"/>
</testsuite> <!-- CRBActions_GB_C_main.AddResponseAuth_GB -->
