<?xml version="1.0" encoding="UTF-8"?>
<!-- Generated by org.testng.reporters.JUnitReportReporter -->
<testsuite hostname="DESKTOP-MEGCP4U" name="CRBActions_GB_C_main.CreateRequestAuth_GB" tests="10" failures="0" timestamp="20 Dec 2021 06:37:00 GMT" time="142.129" errors="0">
  <testcase name="skill_price" time="9.359" classname="CRBActions_GB_C_main.CreateRequestAuth_GB"/>
  <testcase name="skill_loc" time="9.286" classname="CRBActions_GB_C_main.CreateRequestAuth_GB"/>
  <testcase name="req_detail" time="12.987" classname="CRBActions_GB_C_main.CreateRequestAuth_GB"/>
  <testcase name="Create_Req" time="1.602" classname="CRBActions_GB_C_main.CreateRequestAuth_GB"/>
  <testcase name="select_Req" time="8.753" classname="CRBActions_GB_C_main.CreateRequestAuth_GB"/>
  <testcase name="RIPC_Login" time="70.130" classname="CRBActions_GB_C_main.CreateRequestAuth_GB"/>
  <testcase name="alert_check" time="0.007" classname="CRBActions_GB_C_main.CreateRequestAuth_GB"/>
  <testcase name="skill_Req" time="1.823" classname="CRBActions_GB_C_main.CreateRequestAuth_GB"/>
  <testcase name="select_jrss" time="5.191" classname="CRBActions_GB_C_main.CreateRequestAuth_GB"/>
  <testcase name="supp" time="22.991" classname="CRBActions_GB_C_main.CreateRequestAuth_GB"/>
</testsuite> <!-- CRBActions_GB_C_main.CreateRequestAuth_GB -->
